The system is: Windows - 10.0.19045 - AMD64
Compiling the C compiler identification source file "CMakeCCompilerId.c" succeeded.
Compiler:  
Build flags: 
Id flags:  

The output was:
0
MSBuild version 17.4.1+9a89d02ff for .NET Framework
‘Ў®аЄ  ­ з в  26.12.2022 9:53:50.
Џа®ҐЄв "C:\Users\epici\Desktop\Ball in the Box 1\CMakeFiles\3.25.1\CompilerIdC\CompilerIdC.vcxproj" ў г§«Ґ 1 (жҐ«ҐўлҐ ®ЎкҐЄвл Ї® г¬®«з ­Ёо).
PrepareForBuild:
  ‘®§¤ ­ЁҐ Є в «®Ј  "Debug\".
  ‘®§¤ ­ЁҐ Є в «®Ј  "Debug\CompilerIdC.tlog\".
InitializeBuildStatus:
  ‘®§¤ ­ЁҐ "Debug\CompilerIdC.tlog\unsuccessfulbuild", в Є Є Є Ўл«® § ¤ ­® "AlwaysCreate".
ClCompile:
  C:\Program Files\Microsoft Visual Studio\2022\Community\VC\Tools\MSVC\14.34.31933\bin\HostX64\x64\CL.exe /c /nologo /W0 /WX- /diagnostics:column /Od /D _MBCS /Gm- /EHsc /RTC1 /MDd /GS /fp:precise /Zc:wchar_t /Zc:forScope /Zc:inline /Fo"Debug\\" /Fd"Debug\vc143.pdb" /external:W0 /Gd /TC /FC /errorReport:queue CMakeCCompilerId.c
  CMakeCCompilerId.c
Link:
  C:\Program Files\Microsoft Visual Studio\2022\Community\VC\Tools\MSVC\14.34.31933\bin\HostX64\x64\link.exe /ERRORREPORT:QUEUE /OUT:".\CompilerIdC.exe" /INCREMENTAL:NO /NOLOGO kernel32.lib user32.lib gdi32.lib winspool.lib comdlg32.lib advapi32.lib shell32.lib ole32.lib oleaut32.lib uuid.lib odbc32.lib odbccp32.lib /MANIFEST /MANIFESTUAC:"level='asInvoker' uiAccess='false'" /manifest:embed /PDB:".\CompilerIdC.pdb" /SUBSYSTEM:CONSOLE /TLBID:1 /DYNAMICBASE /NXCOMPAT /IMPLIB:".\CompilerIdC.lib" /MACHINE:X64 Debug\CMakeCCompilerId.obj
  CompilerIdC.vcxproj -> C:\Users\epici\Desktop\Ball in the Box 1\CMakeFiles\3.25.1\CompilerIdC\CompilerIdC.exe
PostBuildEvent:
  for %%i in (cl.exe) do @echo CMAKE_C_COMPILER=%%~$PATH:i
  :VCEnd
  CMAKE_C_COMPILER=C:\Program Files\Microsoft Visual Studio\2022\Community\VC\Tools\MSVC\14.34.31933\bin\Hostx64\x64\cl.exe
FinalizeBuildStatus:
  ” ©« "Debug\CompilerIdC.tlog\unsuccessfulbuild" г¤ «пҐвбп.
  ЋЎа йҐ­ЁҐ Є "Debug\CompilerIdC.tlog\CompilerIdC.lastbuildstate".
‘Ў®аЄ  Їа®ҐЄв  "C:\Users\epici\Desktop\Ball in the Box 1\CMakeFiles\3.25.1\CompilerIdC\CompilerIdC.vcxproj" § ўҐаиҐ­  (жҐ«ҐўлҐ ®ЎкҐЄвл Ї® г¬®«з ­Ёо).

‘Ў®аЄ  гбЇҐи­® § ўҐаиҐ­ .
    ЏаҐ¤гЇаҐ¦¤Ґ­Ё©: 0
    ЋиЁЎ®Є: 0

Џа®и«® ўаҐ¬Ґ­Ё 00:00:02.21


Compilation of the C compiler identification source "CMakeCCompilerId.c" produced "CompilerIdC.exe"

Compilation of the C compiler identification source "CMakeCCompilerId.c" produced "CompilerIdC.vcxproj"

The C compiler identification is MSVC, found in "C:/Users/epici/Desktop/Ball in the Box 1/CMakeFiles/3.25.1/CompilerIdC/CompilerIdC.exe"

Compiling the CXX compiler identification source file "CMakeCXXCompilerId.cpp" succeeded.
Compiler:  
Build flags: 
Id flags:  

The output was:
0
MSBuild version 17.4.1+9a89d02ff for .NET Framework
‘Ў®аЄ  ­ з в  26.12.2022 9:53:53.
Џа®ҐЄв "C:\Users\epici\Desktop\Ball in the Box 1\CMakeFiles\3.25.1\CompilerIdCXX\CompilerIdCXX.vcxproj" ў г§«Ґ 1 (жҐ«ҐўлҐ ®ЎкҐЄвл Ї® г¬®«з ­Ёо).
PrepareForBuild:
  ‘®§¤ ­ЁҐ Є в «®Ј  "Debug\".
  ‘®§¤ ­ЁҐ Є в «®Ј  "Debug\CompilerIdCXX.tlog\".
InitializeBuildStatus:
  ‘®§¤ ­ЁҐ "Debug\CompilerIdCXX.tlog\unsuccessfulbuild", в Є Є Є Ўл«® § ¤ ­® "AlwaysCreate".
ClCompile:
  C:\Program Files\Microsoft Visual Studio\2022\Community\VC\Tools\MSVC\14.34.31933\bin\HostX64\x64\CL.exe /c /nologo /W0 /WX- /diagnostics:column /Od /D _MBCS /Gm- /EHsc /RTC1 /MDd /GS /fp:precise /Zc:wchar_t /Zc:forScope /Zc:inline /Fo"Debug\\" /Fd"Debug\vc143.pdb" /external:W0 /Gd /TP /FC /errorReport:queue CMakeCXXCompilerId.cpp
  CMakeCXXCompilerId.cpp
Link:
  C:\Program Files\Microsoft Visual Studio\2022\Community\VC\Tools\MSVC\14.34.31933\bin\HostX64\x64\link.exe /ERRORREPORT:QUEUE /OUT:".\CompilerIdCXX.exe" /INCREMENTAL:NO /NOLOGO kernel32.lib user32.lib gdi32.lib winspool.lib comdlg32.lib advapi32.lib shell32.lib ole32.lib oleaut32.lib uuid.lib odbc32.lib odbccp32.lib /MANIFEST /MANIFESTUAC:"level='asInvoker' uiAccess='false'" /manifest:embed /PDB:".\CompilerIdCXX.pdb" /SUBSYSTEM:CONSOLE /TLBID:1 /DYNAMICBASE /NXCOMPAT /IMPLIB:".\CompilerIdCXX.lib" /MACHINE:X64 Debug\CMakeCXXCompilerId.obj
  CompilerIdCXX.vcxproj -> C:\Users\epici\Desktop\Ball in the Box 1\CMakeFiles\3.25.1\CompilerIdCXX\CompilerIdCXX.exe
PostBuildEvent:
  for %%i in (cl.exe) do @echo CMAKE_CXX_COMPILER=%%~$PATH:i
  :VCEnd
  CMAKE_CXX_COMPILER=C:\Program Files\Microsoft Visual Studio\2022\Community\VC\Tools\MSVC\14.34.31933\bin\Hostx64\x64\cl.exe
FinalizeBuildStatus:
  ” ©« "Debug\CompilerIdCXX.tlog\unsuccessfulbuild" г¤ «пҐвбп.
  ЋЎа йҐ­ЁҐ Є "Debug\CompilerIdCXX.tlog\CompilerIdCXX.lastbuildstate".
‘Ў®аЄ  Їа®ҐЄв  "C:\Users\epici\Desktop\Ball in the Box 1\CMakeFiles\3.25.1\CompilerIdCXX\CompilerIdCXX.vcxproj" § ўҐаиҐ­  (жҐ«ҐўлҐ ®ЎкҐЄвл Ї® г¬®«з ­Ёо).

‘Ў®аЄ  гбЇҐи­® § ўҐаиҐ­ .
    ЏаҐ¤гЇаҐ¦¤Ґ­Ё©: 0
    ЋиЁЎ®Є: 0

Џа®и«® ўаҐ¬Ґ­Ё 00:00:00.90


Compilation of the CXX compiler identification source "CMakeCXXCompilerId.cpp" produced "CompilerIdCXX.exe"

Compilation of the CXX compiler identification source "CMakeCXXCompilerId.cpp" produced "CompilerIdCXX.vcxproj"

The CXX compiler identification is MSVC, found in "C:/Users/epici/Desktop/Ball in the Box 1/CMakeFiles/3.25.1/CompilerIdCXX/CompilerIdCXX.exe"

Detecting C compiler ABI info compiled with the following output:
Change Dir: C:/Users/epici/Desktop/Ball in the Box 1/CMakeFiles/CMakeScratch/TryCompile-tm649n

Run Build Command(s):C:/Program Files/Microsoft Visual Studio/2022/Community/MSBuild/Current/Bin/amd64/MSBuild.exe cmTC_69321.vcxproj /p:Configuration=Debug /p:Platform=x64 /p:VisualStudioVersion=17.0 /v:m && MSBuild version 17.4.1+9a89d02ff for .NET Framework
  ЋЇвЁ¬Ё§ЁагойЁ© Є®¬ЇЁ«пв®а Microsoft (R) C/C++ ўҐабЁЁ 19.34.31937 ¤«п x64
  CMakeCCompilerABI.c
  (C) Љ®аЇ®а жЁп Њ ©Єа®б®дв (Microsoft Corporation).  ‚бҐ Їа ў  § йЁйҐ­л.
  cl /c /Zi /W1 /WX- /diagnostics:column /Od /Ob0 /D _MBCS /D WIN32 /D _WINDOWS /D "CMAKE_INTDIR=\"Debug\"" /Gm- /RTC1 /MDd /GS /fp:precise /Zc:wchar_t /Zc:forScope /Zc:inline /Fo"cmTC_69321.dir\Debug\\" /Fd"cmTC_69321.dir\Debug\vc143.pdb" /external:W1 /Gd /TC /errorReport:queue "C:\Program Files\CMake\share\cmake-3.25\Modules\CMakeCCompilerABI.c"
  cmTC_69321.vcxproj -> C:\Users\epici\Desktop\Ball in the Box 1\CMakeFiles\CMakeScratch\TryCompile-tm649n\Debug\cmTC_69321.exe



Detecting CXX compiler ABI info compiled with the following output:
Change Dir: C:/Users/epici/Desktop/Ball in the Box 1/CMakeFiles/CMakeScratch/TryCompile-cgbzsz

Run Build Command(s):C:/Program Files/Microsoft Visual Studio/2022/Community/MSBuild/Current/Bin/amd64/MSBuild.exe cmTC_01966.vcxproj /p:Configuration=Debug /p:Platform=x64 /p:VisualStudioVersion=17.0 /v:m && MSBuild version 17.4.1+9a89d02ff for .NET Framework
  ЋЇвЁ¬Ё§ЁагойЁ© Є®¬ЇЁ«пв®а Microsoft (R) C/C++ ўҐабЁЁ 19.34.31937 ¤«п x64
  CMakeCXXCompilerABI.cpp
  (C) Љ®аЇ®а жЁп Њ ©Єа®б®дв (Microsoft Corporation).  ‚бҐ Їа ў  § йЁйҐ­л.
  cl /c /Zi /W1 /WX- /diagnostics:column /Od /Ob0 /D _MBCS /D WIN32 /D _WINDOWS /D "CMAKE_INTDIR=\"Debug\"" /Gm- /EHsc /RTC1 /MDd /GS /fp:precise /Zc:wchar_t /Zc:forScope /Zc:inline /GR /Fo"cmTC_01966.dir\Debug\\" /Fd"cmTC_01966.dir\Debug\vc143.pdb" /external:W1 /Gd /TP /errorReport:queue "C:\Program Files\CMake\share\cmake-3.25\Modules\CMakeCXXCompilerABI.cpp"
  cmTC_01966.vcxproj -> C:\Users\epici\Desktop\Ball in the Box 1\CMakeFiles\CMakeScratch\TryCompile-cgbzsz\Debug\cmTC_01966.exe



